[ERROR] 2019-10-02 11:44:54.374 [main] Database - com.mysql.cj.jdbc.exceptions.MySQLTransactionRollbackException: Lock wait timeout exceeded; try restarting transaction
[ERROR] 2019-10-02 11:45:45.394 [main] Database - com.mysql.cj.jdbc.exceptions.MySQLTransactionRollbackException: Lock wait timeout exceeded; try restarting transaction
[ERROR] 2019-10-02 11:46:36.458 [main] Database - com.mysql.cj.jdbc.exceptions.MySQLTransactionRollbackException: Lock wait timeout exceeded; try restarting transaction
[DEBUG] 2019-10-02 19:15:15.425 [http-nio-8080-exec-1] Recipe - null
[DEBUG] 2019-10-02 19:17:09.794 [http-nio-8080-exec-2] Recipe - null
[DEBUG] 2019-10-02 19:17:13.056 [http-nio-8080-exec-3] Recipe - null
[DEBUG] 2019-10-02 19:23:37.097 [http-nio-8080-exec-9] Recipe - 3
[DEBUG] 2019-10-02 19:26:59.385 [http-nio-8080-exec-10] Recipe - 3
[DEBUG] 2019-10-02 19:30:50.715 [http-nio-8080-exec-1] Recipe - 3
[DEBUG] 2019-10-02 19:32:01.730 [http-nio-8080-exec-10] Recipe - 3
[DEBUG] 2019-10-02 19:34:53.759 [http-nio-8080-exec-10] ShowRecipe - 3
[DEBUG] 2019-10-02 19:37:29.696 [http-nio-8080-exec-8] ShowRecipe - 3
[DEBUG] 2019-10-02 19:40:46.766 [http-nio-8080-exec-10] ShowRecipe - 3
[DEBUG] 2019-10-02 19:51:34.429 [http-nio-8080-exec-4] ShowRecipe - 3
[DEBUG] 2019-10-02 19:55:58.971 [http-nio-8080-exec-10] ShowRecipe - 3
[DEBUG] 2019-10-02 19:57:18.885 [http-nio-8080-exec-3] ShowRecipe - 3
[DEBUG] 2019-10-02 19:57:33.821 [http-nio-8080-exec-5] ShowRecipe - 3
[DEBUG] 2019-10-02 20:00:47.403 [http-nio-8080-exec-9] ShowRecipe - 3
[DEBUG] 2019-10-02 20:05:03.748 [http-nio-8080-exec-9] ShowRecipe - 3
[DEBUG] 2019-10-02 20:09:23.034 [http-nio-8080-exec-10] ShowRecipe - 3
[DEBUG] 2019-10-03 12:05:23.223 [http-nio-8080-exec-2] ShowRecipe - 3
[DEBUG] 2019-10-03 12:24:05.119 [http-nio-8080-exec-2] ShowRecipe - 3
[DEBUG] 2019-10-03 12:26:18.734 [http-nio-8080-exec-5] ShowRecipe - 3
[DEBUG] 2019-10-03 13:00:52.610 [http-nio-8080-exec-1] ShowRecipe - 3
[DEBUG] 2019-10-03 13:09:58.283 [http-nio-8080-exec-10] ShowRecipe - 3
[DEBUG] 2019-10-03 13:16:34.143 [http-nio-8080-exec-4] ShowRecipe - 3
[DEBUG] 2019-10-03 13:18:40.907 [http-nio-8080-exec-2] ShowRecipe - 3
[DEBUG] 2019-10-03 13:19:25.114 [http-nio-8080-exec-5] ShowRecipe - 3
[DEBUG] 2019-10-03 13:21:18.924 [http-nio-8080-exec-9] ShowRecipe - 3
[DEBUG] 2019-10-03 13:25:53.439 [http-nio-8080-exec-10] ShowRecipe - 3
[DEBUG] 2019-10-03 13:31:34.175 [http-nio-8080-exec-9] ShowRecipe - 3
[DEBUG] 2019-10-03 13:31:42.546 [http-nio-8080-exec-1] ShowRecipe - 3
[DEBUG] 2019-10-03 13:31:42.734 [http-nio-8080-exec-2] ShowRecipe - 3
[DEBUG] 2019-10-03 13:35:18.885 [http-nio-8080-exec-10] ShowRecipe - 3
[DEBUG] 2019-10-03 13:35:25.687 [http-nio-8080-exec-1] ShowRecipe - 3
[DEBUG] 2019-10-03 13:35:25.867 [http-nio-8080-exec-3] ShowRecipe - 3
[DEBUG] 2019-10-03 13:43:48.031 [http-nio-8080-exec-1] ShowRecipe - 3
[DEBUG] 2019-10-03 13:43:54.596 [http-nio-8080-exec-2] ShowRecipe - 3
[DEBUG] 2019-10-03 13:43:54.766 [http-nio-8080-exec-4] ShowRecipe - 3
[DEBUG] 2019-10-03 13:46:02.019 [http-nio-8080-exec-9] ShowRecipe - 3
[DEBUG] 2019-10-03 13:46:02.169 [http-nio-8080-exec-3] ShowRecipe - 3
[DEBUG] 2019-10-03 13:46:02.220 [http-nio-8080-exec-2] ShowRecipe - 3
[DEBUG] 2019-10-03 13:46:05.859 [http-nio-8080-exec-5] ShowRecipe - 3
[DEBUG] 2019-10-03 13:46:05.999 [http-nio-8080-exec-6] ShowRecipe - 3
[DEBUG] 2019-10-03 13:46:06.040 [http-nio-8080-exec-7] ShowRecipe - 3
[DEBUG] 2019-10-03 13:46:10.093 [http-nio-8080-exec-10] ShowRecipe - 3
[DEBUG] 2019-10-03 13:46:10.224 [http-nio-8080-exec-9] ShowRecipe - 3
[DEBUG] 2019-10-03 13:46:10.270 [http-nio-8080-exec-1] ShowRecipe - 3
[DEBUG] 2019-10-03 13:51:28.271 [http-nio-8080-exec-9] ShowRecipe - 3
[DEBUG] 2019-10-03 13:51:35.391 [http-nio-8080-exec-2] ShowRecipe - 3
[DEBUG] 2019-10-03 13:51:35.445 [http-nio-8080-exec-3] ShowRecipe - 3
[DEBUG] 2019-10-03 13:54:56.922 [http-nio-8080-exec-10] ShowRecipe - 3
[DEBUG] 2019-10-03 13:55:04.048 [http-nio-8080-exec-2] ShowRecipe - 3
[DEBUG] 2019-10-03 13:55:04.243 [http-nio-8080-exec-3] ShowRecipe - 3
[DEBUG] 2019-10-03 14:19:13.146 [http-nio-8080-exec-8] ShowRecipe - 3
[DEBUG] 2019-10-03 14:19:13.353 [http-nio-8080-exec-9] ShowRecipe - 3
[DEBUG] 2019-10-03 14:19:13.718 [http-nio-8080-exec-2] ShowRecipe - 3
[DEBUG] 2019-10-07 15:29:40.955 [main] UnitsTest - <select><option value=''> </option><option disabled>Volumes</option><option value='tsp'>Teaspoon</option><option value='Tsp'>Tablespoon</option><option value='foz'>Fluid Ounce</option><option value='c'>Cup</option><option value='p'>Pint</option><option value='q'>Quart</option><option value='g'>Gallon</option><option value='mL'>Milliliter</option><option value='L'>Liter</option><option disabled>Weights</option><option value='mg'>Milligram</option><option value='g'>Gram</option><option value='kg'>Kilogram</option><option value='oz'>Ounce</option><option value='lbs'>Pound</option>
[ERROR] 2019-10-08 14:54:08.518 [main] Database - java.sql.SQLSyntaxErrorException: DELETE command denied to user 'indeApp'@'localhost' for table 'recipes'
[ERROR] 2019-10-08 14:54:15.172 [main] Database - java.sql.SQLSyntaxErrorException: DELETE command denied to user 'indeApp'@'localhost' for table 'recipes'
[ERROR] 2019-10-08 14:54:15.385 [main] Database - java.sql.SQLSyntaxErrorException: DELETE command denied to user 'indeApp'@'localhost' for table 'recipes'
[ERROR] 2019-10-08 14:54:15.874 [main] Database - java.sql.SQLSyntaxErrorException: DELETE command denied to user 'indeApp'@'localhost' for table 'recipes'
[ERROR] 2019-10-08 14:54:15.917 [main] Database - java.sql.SQLSyntaxErrorException: DELETE command denied to user 'indeApp'@'localhost' for table 'recipes'
[ERROR] 2019-10-08 14:54:16.081 [main] Database - java.sql.SQLSyntaxErrorException: DELETE command denied to user 'indeApp'@'localhost' for table 'recipes'
[ERROR] 2019-10-08 14:54:16.241 [main] Database - java.sql.SQLSyntaxErrorException: DELETE command denied to user 'indeApp'@'localhost' for table 'recipes'
[ERROR] 2019-10-08 14:54:16.305 [main] Database - java.sql.SQLSyntaxErrorException: DELETE command denied to user 'indeApp'@'localhost' for table 'recipes'
[ERROR] 2019-10-08 14:54:16.396 [main] Database - java.sql.SQLSyntaxErrorException: DELETE command denied to user 'indeApp'@'localhost' for table 'recipes'
[ERROR] 2019-10-08 14:54:16.462 [main] Database - java.sql.SQLSyntaxErrorException: DELETE command denied to user 'indeApp'@'localhost' for table 'recipes'
[ERROR] 2019-10-08 14:54:16.575 [main] Database - java.sql.SQLSyntaxErrorException: DELETE command denied to user 'indeApp'@'localhost' for table 'recipes'
[ERROR] 2019-10-08 14:54:16.626 [main] Database - java.sql.SQLSyntaxErrorException: DELETE command denied to user 'indeApp'@'localhost' for table 'recipes'
[ERROR] 2019-10-08 14:54:16.697 [main] Database - java.sql.SQLSyntaxErrorException: DELETE command denied to user 'indeApp'@'localhost' for table 'recipes'
[ERROR] 2019-10-08 14:54:16.761 [main] Database - java.sql.SQLSyntaxErrorException: DELETE command denied to user 'indeApp'@'localhost' for table 'recipes'
[ERROR] 2019-10-08 14:54:16.990 [main] Database - java.sql.SQLSyntaxErrorException: DELETE command denied to user 'indeApp'@'localhost' for table 'recipes'
[ERROR] 2019-10-08 14:54:17.090 [main] Database - java.sql.SQLSyntaxErrorException: DELETE command denied to user 'indeApp'@'localhost' for table 'users'
[ERROR] 2019-10-08 14:55:34.663 [main] Database - java.sql.SQLSyntaxErrorException: DELETE command denied to user 'indeApp'@'localhost' for table 'recipes'
[ERROR] 2019-10-08 14:55:39.087 [main] Database - java.sql.SQLSyntaxErrorException: DELETE command denied to user 'indeApp'@'localhost' for table 'recipes'
[ERROR] 2019-10-08 14:55:39.152 [main] Database - java.sql.SQLSyntaxErrorException: DELETE command denied to user 'indeApp'@'localhost' for table 'recipes'
[ERROR] 2019-10-08 14:55:39.362 [main] Database - java.sql.SQLSyntaxErrorException: DELETE command denied to user 'indeApp'@'localhost' for table 'recipes'
[ERROR] 2019-10-08 14:55:39.408 [main] Database - java.sql.SQLSyntaxErrorException: DELETE command denied to user 'indeApp'@'localhost' for table 'recipes'
[ERROR] 2019-10-08 14:55:39.489 [main] Database - java.sql.SQLSyntaxErrorException: DELETE command denied to user 'indeApp'@'localhost' for table 'recipes'
[ERROR] 2019-10-08 14:55:39.627 [main] Database - java.sql.SQLSyntaxErrorException: DELETE command denied to user 'indeApp'@'localhost' for table 'recipes'
[ERROR] 2019-10-08 14:55:39.688 [main] Database - java.sql.SQLSyntaxErrorException: DELETE command denied to user 'indeApp'@'localhost' for table 'recipes'
[ERROR] 2019-10-08 14:55:39.738 [main] Database - java.sql.SQLSyntaxErrorException: DELETE command denied to user 'indeApp'@'localhost' for table 'recipes'
[ERROR] 2019-10-08 14:55:39.817 [main] Database - java.sql.SQLSyntaxErrorException: DELETE command denied to user 'indeApp'@'localhost' for table 'recipes'
[ERROR] 2019-10-08 14:55:39.880 [main] Database - java.sql.SQLSyntaxErrorException: DELETE command denied to user 'indeApp'@'localhost' for table 'recipes'
[ERROR] 2019-10-08 14:55:39.921 [main] Database - java.sql.SQLSyntaxErrorException: DELETE command denied to user 'indeApp'@'localhost' for table 'recipes'
[ERROR] 2019-10-08 14:55:39.992 [main] Database - java.sql.SQLSyntaxErrorException: DELETE command denied to user 'indeApp'@'localhost' for table 'recipes'
[ERROR] 2019-10-08 14:55:40.050 [main] Database - java.sql.SQLSyntaxErrorException: DELETE command denied to user 'indeApp'@'localhost' for table 'recipes'
[ERROR] 2019-10-08 14:55:40.144 [main] Database - java.sql.SQLSyntaxErrorException: DELETE command denied to user 'indeApp'@'localhost' for table 'recipes'
[ERROR] 2019-10-08 14:55:40.185 [main] Database - java.sql.SQLSyntaxErrorException: DELETE command denied to user 'indeApp'@'localhost' for table 'users'
[ERROR] 2019-10-08 14:59:41.755 [main] Database - java.sql.SQLIntegrityConstraintViolationException: Cannot delete or update a parent row: a foreign key constraint fails
[ERROR] 2019-10-08 15:23:59.437 [main] Database - java.sql.SQLIntegrityConstraintViolationException: Cannot delete or update a parent row: a foreign key constraint fails (`indetest`.`recipes`, CONSTRAINT `recipes_ibfk_1` FOREIGN KEY (`user_id`) REFERENCES `users` (`id`))
[ERROR] 2019-10-08 15:25:59.592 [main] Database - java.sql.SQLIntegrityConstraintViolationException: Cannot delete or update a parent row: a foreign key constraint fails (`indetest`.`recipes`, CONSTRAINT `recipes_ibfk_1` FOREIGN KEY (`user_id`) REFERENCES `users` (`id`))
[ERROR] 2019-10-08 15:35:46.162 [main] Database - java.sql.SQLIntegrityConstraintViolationException: Cannot delete or update a parent row: a foreign key constraint fails (`indetest`.`recipes`, CONSTRAINT `recipes_ibfk_1` FOREIGN KEY (`user_id`) REFERENCES `users` (`id`))
[ERROR] 2019-10-08 15:38:00.475 [main] Database - java.sql.SQLIntegrityConstraintViolationException: Cannot delete or update a parent row: a foreign key constraint fails (`indetest`.`recipes`, CONSTRAINT `recipes_ibfk_1` FOREIGN KEY (`user_id`) REFERENCES `users` (`id`))
